<?xml version="1.0" encoding="UTF-8"?>
<testng-results ignored="0" total="1" passed="1" failed="0" skipped="0">
  <reporter-output>
  </reporter-output>
  <suite started-at="2023-04-09T20:52:17 EAT" name="Default suite" finished-at="2023-04-09T20:52:23 EAT" duration-ms="5167">
    <groups>
    </groups>
    <test started-at="2023-04-09T20:52:17 EAT" name="Default test" finished-at="2023-04-09T20:52:23 EAT" duration-ms="5167">
      <class name="BetikaTests.TestGetUserApi">
        <test-method is-config="true" signature="setup()[pri:0, instance:BetikaTests.TestGetUserApi@20ccf40b]" started-at="2023-04-09T20:52:17 EAT" name="setup" finished-at="2023-04-09T20:52:18 EAT" duration-ms="733" status="PASS">
          <reporter-output>
          </reporter-output>
        </test-method> <!-- setup -->
        <test-method signature="testGetUserApi()[pri:0, instance:BetikaTests.TestGetUserApi@20ccf40b]" started-at="2023-04-09T20:52:18 EAT" name="testGetUserApi" finished-at="2023-04-09T20:52:23 EAT" duration-ms="4350" status="PASS">
          <reporter-output>
          </reporter-output>
        </test-method> <!-- testGetUserApi -->
      </class> <!-- BetikaTests.TestGetUserApi -->
    </test> <!-- Default test -->
  </suite> <!-- Default suite -->
</testng-results>
